=== NOVA REQUISIÇÃO ===
2025-11-23 18:35:46
[DEBUG 1] JSON recebido:
Array
(
    [plan_id] => 1
    [client_ip] => 192.168.10.252
    [client_mac] => 44:E5:17:F8:A5:B1
    [name] => Joana hj
    [email] => joana@hotmail.com
    [phone] => 81998181680
    [cpf] => 17484332453
    [link_login_only] => http://wifibarato.net/login
    [link_orig] => 
    [chap_id] => xw==
    [chap_challenge] => j8l3fQVyHQpaWbbjDNFjzA==
)


[DEBUG 2] ANTES decodificar Base64:
chap_id input: 'xw=='
chap_challenge input: 'j8l3fQVyHQpaWbbjDNFjzA=='
link_login_only: 'http://wifibarato.net/login'
link_orig: ''

[DEBUG 2.1] DEPOIS decodificar Base64:
chap_id decoded length: 1 bytes
chap_id hex: c7
chap_challenge decoded length: 16 bytes
chap_challenge hex: 8fc9777d05721d0a5a59b6e30cd163cc

[DEBUG] Plano encontrado: 2 Horas - R$ 1.00

[DEBUG 3] Cliente ID: 213

[DEBUG 3.1] Parâmetros para INSERT:
Array
(
    [customer_id] => 213
    [plan_id] => 1
    [amount] => 1.00
    [payment_method] => infinitepay_checkout
    [client_ip] => 192.168.10.252
    [client_mac] => 44:E5:17:F8:A5:B1
    [mikrotik_link_login_only] => http://wifibarato.net/login
    [mikrotik_link_orig] => 
    [mikrotik_chap_id length] => 1
    [mikrotik_chap_id hex] => c7
    [mikrotik_chap_challenge length] => 16
    [mikrotik_chap_challenge hex] => 8fc9777d05721d0a5a59b6e30cd163cc
)


[DEBUG 4 OK] INSERT transactions executado com sucesso!

[DEBUG] Transaction ID criada: 621

[DEBUG 5] Antes de createCheckout:
transaction_id: 621
success_url: https://wifibarato.maiscoresed.com.brpayment_success.php?external_reference=621
customer_data: Array
(
    [name] => Joana hj
    [email] => joana@hotmail.com
    [phone] => 81998181680
    [cpf] => 17484332453
)

items: Array
(
    [0] => Array
        (
            [name] => 2 Horas
            [amount] => 100
            [quantity] => 1
            [sku] => 1
        )

)


=== NOVA REQUISIÇÃO ===
2025-11-23 18:44:13
[DEBUG 1] JSON recebido:
Array
(
    [plan_id] => 1
    [client_ip] => 192.168.10.252
    [client_mac] => 44:E5:17:F8:A5:B1
    [name] => Joana hj
    [email] => joana@hotmail.com
    [phone] => 81998181680
    [cpf] => 10063776464
    [link_login_only] => http://wifibarato.net/login
    [link_orig] => 
    [chap_id] => xw==
    [chap_challenge] => j8l3fQVyHQpaWbbjDNFjzA==
)


[DEBUG 2] ANTES decodificar Base64:
chap_id input: 'xw=='
chap_challenge input: 'j8l3fQVyHQpaWbbjDNFjzA=='
link_login_only: 'http://wifibarato.net/login'
link_orig: ''

[DEBUG 2.1] DEPOIS decodificar Base64:
chap_id decoded length: 1 bytes
chap_id hex: c7
chap_challenge decoded length: 16 bytes
chap_challenge hex: 8fc9777d05721d0a5a59b6e30cd163cc

[DEBUG] Plano encontrado: 2 Horas - R$ 1.00

[DEBUG 3] Cliente ID: 214

[DEBUG 3.1] Parâmetros para INSERT:
Array
(
    [customer_id] => 214
    [plan_id] => 1
    [amount] => 1.00
    [payment_method] => infinitepay_checkout
    [client_ip] => 192.168.10.252
    [client_mac] => 44:E5:17:F8:A5:B1
    [mikrotik_link_login_only] => http://wifibarato.net/login
    [mikrotik_link_orig] => 
    [mikrotik_chap_id length] => 1
    [mikrotik_chap_id hex] => c7
    [mikrotik_chap_challenge length] => 16
    [mikrotik_chap_challenge hex] => 8fc9777d05721d0a5a59b6e30cd163cc
)


[DEBUG 4 OK] INSERT transactions executado com sucesso!

[DEBUG] Transaction ID criada: 622

[DEBUG 5] Antes de createCheckout:
transaction_id: 622
success_url: https://wifibarato.maiscoresed.com.br/payment_success.php?external_reference=622
customer_data: Array
(
    [name] => Joana hj
    [email] => joana@hotmail.com
    [phone] => 81998181680
    [cpf] => 10063776464
)

items: Array
(
    [0] => Array
        (
            [name] => 2 Horas
            [amount] => 100
            [quantity] => 1
            [sku] => 1
        )

)


